Hello DP4.

<<< final solution >>>
1:
	orderNum	= 1
	comment		= Null order - check default behaviors.
	endOfOrder
  <>Unknown plastic || defaulting to ABS.
  <>No size specified, defaulting to 100.
  <>Unknown packager || defaulting to Bulk packager.
  <>Unknown stuffer || defaulting to Air stuffer.
  Setup injection line for 100 run with Bulk packager and air stuffing:
    IJM_110 - Aluminum(1) - Linear conveyer belt - CardboardBox
  Process order.
    <>Can't find place || to get || mold from, defaulting to duck from inventory.
    Insert tags [] of width 0/20 mm.
    Load plastic, color, and additive bins.
      <>No color specified, defaulting to black.
      Recipe: ABS(35) black(3) Total = 38.
    Cycle IJM for ABS 100 times.
      Close - heat to 440 - inject at 125 PSI - cool to 360 - separate - progressive eject.
      CardboardBox package bin full...
        IJM pausing while CardboardBox package bin is swapped.
        Conveyer belt pausing while CardboardBox package bin is swapped.
        Packager pausing while CardboardBox package bin is swapped.
        Stuffer filling CardboardBox package bin with air stuffing.
    Clean ABS mold: soak in alcohol, rinse with water, dry.
    Ship to ""
~ABS
~Air ~Stuffer_FM_5 ~Observer_7
~Bulk ~Packager_FM_5 ~Observer_7
~IJM_110 ~IJM_AF ~Observer_7
~Aluminum ~Mold_AF
~LinearBelt ~ConveyerBelt_AF ~Observer_7
~CardboardBox ~PackageBin_AF ~Subject_7 Observers left to process (should be zero) = 0.
~PilotOrder ~Setup_AF_10
~Inventory ~SisterCompany ~Purchase ~Mill ~GetMold_CofR_8 ~GetMold_CofR_8 ~GetMold_CofR_8 ~GetMold_CofR_8 ~GetMold_CofR_8 
~Duck ~Shape_B_9 ~HighCarbon ~Platform_B_9
~Blank ~Tag ~Cavity ~Tags_D_6 ~Tags_D_6 
~Color ~Plastic_D_6 
~ABS ~adapter::ABS ~CleanABS ~CleanPlastic_A_2 ~Strategy_1
~ProcessOrder_TM_4
2:
	orderNum	= 2
	comment		= Example order - one of everything.
	size		= 10000
	packager	= Bulk
	plastic		= ABS
	moldLoc		= inventory
	mold		= duck
	tags		= ModelNumber
	color		= red
	UVInhibiter	= 6
	endOfOrder
  <>Unknown stuffer || defaulting to Air stuffer.
  Setup injection line for 10000 run with Bulk packager and air stuffing:
    IJM_110 - Aluminum(1) - Linear conveyer belt - CardboardBox
  Process order.
    Pull duck mold from inventory.
    Insert tags [ModelNumber ] of width 2/20 mm.
    Load plastic, color, and additive bins.
      Recipe: ABS(35) red(3) UVInhibiter(6) Total = 44.
    Cycle IJM for ABS 10000 times.
      Close - heat to 440 - inject at 125 PSI - cool to 360 - separate - progressive eject.
      CardboardBox package bin full...
        IJM pausing while CardboardBox package bin is swapped.
        Conveyer belt pausing while CardboardBox package bin is swapped.
        Packager pausing while CardboardBox package bin is swapped.
        Stuffer filling CardboardBox package bin with air stuffing.
    Clean ABS mold: soak in alcohol, rinse with water, dry.
    Ship to ""
~ABS
~Air ~Stuffer_FM_5 ~Observer_7
~Bulk ~Packager_FM_5 ~Observer_7
~IJM_110 ~IJM_AF ~Observer_7
~Aluminum ~Mold_AF
~LinearBelt ~ConveyerBelt_AF ~Observer_7
~CardboardBox ~PackageBin_AF ~Subject_7 Observers left to process (should be zero) = 0.
~PilotOrder ~Setup_AF_10
~Inventory ~SisterCompany ~Purchase ~Mill ~GetMold_CofR_8 ~GetMold_CofR_8 ~GetMold_CofR_8 ~GetMold_CofR_8 ~GetMold_CofR_8 
~Duck ~Shape_B_9 ~HighCarbon ~Platform_B_9
~Blank ~Tag ~ModelNumber ~Tag ~Cavity ~Tags_D_6 ~Tags_D_6 ~Tags_D_6 
~UVInhibiter ~Additive ~Color ~Plastic_D_6 ~Plastic_D_6 
~ABS ~adapter::ABS ~CleanABS ~CleanPlastic_A_2 ~Strategy_1
~ProcessOrder_TM_4
3:
	orderNum		= 3
	comment			= Max order - next of singles, all of everything else (orig secs).
	size			= 20000
	packager		= ShrinkWrap
	plastic			= Polypropylene
	moldLoc			= mill
	mold			= car
	finish			= smooth
	tags			= ModelNumber Country Date
	color			= orange
	UVInhibiter		= 6
	AntiBacterial	= 1
	endOfOrder
  <>Unknown stuffer || defaulting to Air stuffer.
  Setup injection line for 10000 run with ShrinkWrap packager and air stuffing:
    IJM_120 - Aluminum(2) - Y-Split conveyer belt - CardboardBox
  Process order.
    Create car mold from mill with 2 cavities:
      using HighCarbon tools (drill, cut, and high speed grind) to mill aluminum block into 2 car shapes with smooth finish.
    Insert tags [ModelNumber Country Date ] of width 6/20 mm.
    Load plastic, color, and additive bins.
      Recipe: Polypropylene(40) orange(4) UVInhibiter(6) AntiBacterial(1) Total = 102.
    Cycle IJM for Poly 10000 times.
      Close - heat to 350 - inject at 90 PSI - cool to 290 - separate - smooth eject.
      CardboardBox package bin full...
        IJM pausing while CardboardBox package bin is swapped.
        Conveyer belt pausing while CardboardBox package bin is swapped.
        Packager pausing while CardboardBox package bin is swapped.
        Stuffer filling CardboardBox package bin with air stuffing.
    Clean Poly mold: rinse with acetone, dry.
    Ship to ""
~Polypropylene
~Air ~Stuffer_FM_5 ~Observer_7
~ShrinkWrap ~Packager_FM_5 ~Observer_7
~IJM_120 ~IJM_AF ~Observer_7
~Aluminum ~Mold_AF
~YSplitBelt ~ConveyerBelt_AF ~Observer_7
~CardboardBox ~PackageBin_AF ~Subject_7 Observers left to process (should be zero) = 0.
~SmallOrder ~Setup_AF_10
~Inventory ~SisterCompany ~Purchase ~Mill ~GetMold_CofR_8 ~GetMold_CofR_8 ~GetMold_CofR_8 ~GetMold_CofR_8 ~GetMold_CofR_8 
~Car ~Shape_B_9 ~HighCarbon ~Platform_B_9
~Blank ~Tag ~Date ~Tag ~Country ~Tag ~ModelNumber ~Tag ~Cavity ~Tags_D_6 ~Tags_D_6 ~Tags_D_6 ~Tags_D_6 ~Tags_D_6 
~AntiBacterial ~Additive ~UVInhibiter ~Additive ~Color ~Plastic_D_6 ~Plastic_D_6 ~Plastic_D_6 
~Poly ~adapter::Poly ~CleanPolys ~CleanPlastic_A_2 ~Strategy_1
~ProcessOrder_TM_4
4:
	orderNum	= 4
	comment		= Next of singles or last.
	size		= 50000
	packager	= HardPack
	plastic		= Polyethelene
	moldLoc		= mill
	mold		= hero
	finish		= rippled
	color		= yellow
	endOfOrder
  <>Unknown stuffer || defaulting to Air stuffer.
  Setup injection line for 50000 run with HardPack packager and air stuffing:
    IJM_210 - Steel(1) - Linear conveyer belt - PallotBox
  Process order.
    Create hero mold from mill with 1 cavities:
      using Carbide tools (high speed drill, cross cut, and layer grind) to mill steel block into 1 hero shapes with rippled finish.
    Insert tags [] of width 0/20 mm.
    Load plastic, color, and additive bins.
      Recipe: Polyethelene(50) yellow(5) Total = 55.
    Cycle IJM for Poly 50000 times.
      Close - heat to 350 - inject at 90 PSI - cool to 290 - separate - smooth eject.
      PallotBox package bin full...
        IJM pausing while PallotBox package bin is swapped.
        Conveyer belt pausing while PallotBox package bin is swapped.
        Packager pausing while PallotBox package bin is swapped.
        Stuffer filling PallotBox package bin with air stuffing.
    Clean Poly mold: rinse with acetone, dry.
    Ship to ""
~Polyethelene
~Air ~Stuffer_FM_5 ~Observer_7
~HardPack ~Packager_FM_5 ~Observer_7
~IJM_210 ~IJM_AF ~Observer_7
~Steel ~Mold_AF
~LinearBelt ~ConveyerBelt_AF ~Observer_7
~PallotBox ~PackageBin_AF ~Subject_7 Observers left to process (should be zero) = 0.
~MediumOrder ~Setup_AF_10
~Inventory ~SisterCompany ~Purchase ~Mill ~GetMold_CofR_8 ~GetMold_CofR_8 ~GetMold_CofR_8 ~GetMold_CofR_8 ~GetMold_CofR_8 
~Hero ~Shape_B_9 ~Carbide ~Platform_B_9
~Blank ~Tag ~Cavity ~Tags_D_6 ~Tags_D_6 
~Color ~Plastic_D_6 
~Poly ~adapter::Poly ~CleanPolys ~CleanPlastic_A_2 ~Strategy_1
~ProcessOrder_TM_4
5:
	orderNum	= 5
	comment		= Next of singles or last.
	size		= 50000
	packager	= HardPack
	plastic		= PET
	moldLoc		= mill
	mold		= hero
	finish		= rippled
	color		= green
	endOfOrder
  <>Unknown stuffer || defaulting to Air stuffer.
  Setup injection line for 50000 run with HardPack packager and air stuffing:
    IJM_210 - Steel(1) - Linear conveyer belt - PallotBox
  Process order.
    Create hero mold from mill with 1 cavities:
      using Carbide tools (high speed drill, cross cut, and layer grind) to mill steel block into 1 hero shapes with rippled finish.
    Insert tags [] of width 0/20 mm.
    Load plastic, color, and additive bins.
      Recipe: PET(50) green(5) Total = 55.
    Cycle IJM for PET 50000 times.
      Close - heat to 404 - inject at 110 PSI - cool to 340 - separate - smooth eject.
      PallotBox package bin full...
        IJM pausing while PallotBox package bin is swapped.
        Conveyer belt pausing while PallotBox package bin is swapped.
        Packager pausing while PallotBox package bin is swapped.
        Stuffer filling PallotBox package bin with air stuffing.
    Clean PET steel mold: heat to 895 C.
    Ship to ""
~PET
~Air ~Stuffer_FM_5 ~Observer_7
~HardPack ~Packager_FM_5 ~Observer_7
~IJM_210 ~IJM_AF ~Observer_7
~Steel ~Mold_AF
~LinearBelt ~ConveyerBelt_AF ~Observer_7
~PallotBox ~PackageBin_AF ~Subject_7 Observers left to process (should be zero) = 0.
~MediumOrder ~Setup_AF_10
~Inventory ~SisterCompany ~Purchase ~Mill ~GetMold_CofR_8 ~GetMold_CofR_8 ~GetMold_CofR_8 ~GetMold_CofR_8 ~GetMold_CofR_8 
~Hero ~Shape_B_9 ~Carbide ~Platform_B_9
~Blank ~Tag ~Cavity ~Tags_D_6 ~Tags_D_6 
~Color ~Plastic_D_6 
~PET ~adapter::PET ~PETCleanup ~CleanPlastic_A_2 ~Strategy_1
~ProcessOrder_TM_4
6:
	orderNum	= 6
	comment		= New Specs: new singles, all of new groups.
	size		= 40000
	packager	= ZipLock
	plastic		= Styrene
	moldLoc		= sisterCompany
	mold		= dino
	finish		= dimpled
	tags		= IncCounter PartNumber RecycleCode
	color		= blue
	MicroFibers	= 3
	stuffer		= Air
	address		= MegaCorp, 1 Apple, Santa Clara, CA 92200
	endOfOrder
  Setup injection line for 10000 run with ZipLock packager and air stuffing:
    IJM_140 - Aluminum(4) - V-Level conveyer belt - PallotBox
  Process order.
    Borrow dino mold from sister company.
    Insert tags [IncCounter PartNumber RecycleCode ] of width 12/20 mm.
    Load plastic, color, and additive bins.
      Recipe: Styrene(30) blue(3) MicroFibers(3) Total = 144.
    Cycle IJM for Synthetics 10000 times.
      Close - heat to 480 - inject at 150 PSI - cool to 390 - separate - shock eject.
      PallotBox package bin full...
        IJM pausing while PallotBox package bin is swapped.
        Conveyer belt pausing while PallotBox package bin is swapped.
        Packager pausing while PallotBox package bin is swapped.
        Stuffer filling PallotBox package bin with air stuffing.
    Clean synthetic mold: ozone wash.
    Ship to "MegaCorp, 1 Apple, Santa Clara, CA 92200"
~Styrene
~Air ~Stuffer_FM_5 ~Observer_7
~ZipLock ~Packager_FM_5 ~Observer_7
~IJM_140 ~IJM_AF ~Observer_7
~Aluminum ~Mold_AF
~VLevelBelt ~ConveyerBelt_AF ~Observer_7
~PallotBox ~PackageBin_AF ~Subject_7 Observers left to process (should be zero) = 0.
~FastOrder ~Setup_AF_10
~Inventory ~SisterCompany ~Purchase ~Mill ~GetMold_CofR_8 ~GetMold_CofR_8 ~GetMold_CofR_8 ~GetMold_CofR_8 ~GetMold_CofR_8 
~Dino ~Shape_B_9 ~HighCarbon ~Platform_B_9
~Blank ~Tag ~RecycleCode ~Tag ~PartNumber ~Tag ~IncCounter ~Tag ~Cavity ~Tags_D_6 ~Tags_D_6 ~Tags_D_6 ~Tags_D_6 ~Tags_D_6 
~MicroFibers ~Additive ~Color ~Plastic_D_6 ~Plastic_D_6 
~Synthetics ~adapter::Synthetics ~CleanPlastic_A_2 ~Strategy_1
~ProcessOrder_TM_4
7:
	orderNum	= 7
	comment		= New Specs: next singles, or last.
	size		= 100000
	packager	= ZipLock
	plastic		= Nylon66
	moldLoc		= purchase
	mold		= dino
	finish		= sanded
	color		= violet
	stuffer		= Popcorn
	address		= Anytown, CA
	endOfOrder
  Setup injection line for 50000 run with ZipLock packager and styrene popcorn stuffing:
    IJM_220 - Steel(2) - Y-Split conveyer belt - Crate
  Process order.
    Acquire dino mold via purchase.
    Insert tags [] of width 0/20 mm.
    Load plastic, color, and additive bins.
      Recipe: Nylon66(30) violet(3) Total = 66.
    Cycle IJM for Synthetics 50000 times.
      Close - heat to 480 - inject at 150 PSI - cool to 390 - separate - shock eject.
      Crate package bin full...
        IJM pausing while Crate package bin is swapped.
        Conveyer belt pausing while Crate package bin is swapped.
        Packager pausing while Crate package bin is swapped.
        Stuffer filling Crate package bin with styrene popcorn stuffing.
    Clean synthetic mold: ozone wash.
    Ship to "Anytown, CA"
~Nylon66
~Popcorn ~Stuffer_FM_5 ~Observer_7
~ZipLock ~Packager_FM_5 ~Observer_7
~IJM_220 ~IJM_AF ~Observer_7
~Steel ~Mold_AF
~YSplitBelt ~ConveyerBelt_AF ~Observer_7
~Crate ~PackageBin_AF ~Subject_7 Observers left to process (should be zero) = 0.
~LargeOrder ~Setup_AF_10
~Inventory ~SisterCompany ~Purchase ~Mill ~GetMold_CofR_8 ~GetMold_CofR_8 ~GetMold_CofR_8 ~GetMold_CofR_8 ~GetMold_CofR_8 
~Dino ~Shape_B_9 ~Carbide ~Platform_B_9
~Blank ~Tag ~Cavity ~Tags_D_6 ~Tags_D_6 
~Color ~Plastic_D_6 
~Synthetics ~adapter::Synthetics ~CleanPlastic_A_2 ~Strategy_1
~ProcessOrder_TM_4
8:
	orderNum	= 8
	comment		= New Specs: next singles, or last.
	size		= 200000
	packager	= ZipLock
	plastic		= Nylon66
	moldLoc		= mill
	mold		= dino
	finish		= satin
	color		= gray
	stuffer		= BubbleWrap
	address		= Wherever, USA
	endOfOrder
  Setup injection line for 50000 run with ZipLock packager and bubble wrap stuffing:
    IJM_240 - Steel(4) - V-Level conveyer belt - Crate
  Process order.
    Create dino mold from mill with 4 cavities:
      using DiamondTipped tools (precision drill, oil cooled cut, and cartoid grind) to mill steel block into 4 dino shapes with satin finish.
    Insert tags [] of width 0/20 mm.
    Load plastic, color, and additive bins.
      Recipe: Nylon66(30) gray(3) Total = 132.
    Cycle IJM for Synthetics 50000 times.
      Close - heat to 480 - inject at 150 PSI - cool to 390 - separate - shock eject.
      Crate package bin full...
        IJM pausing while Crate package bin is swapped.
        Conveyer belt pausing while Crate package bin is swapped.
        Packager pausing while Crate package bin is swapped.
        Stuffer filling Crate package bin with bubble wrap stuffing.
    Clean synthetic mold: ozone wash.
    Ship to "Wherever, USA"
~Nylon66
~BubbleWrap ~Stuffer_FM_5 ~Observer_7
~ZipLock ~Packager_FM_5 ~Observer_7
~IJM_240 ~IJM_AF ~Observer_7
~Steel ~Mold_AF
~VLevelBelt ~ConveyerBelt_AF ~Observer_7
~Crate ~PackageBin_AF ~Subject_7 Observers left to process (should be zero) = 0.
~HugeOrder ~Setup_AF_10
~Inventory ~SisterCompany ~Purchase ~Mill ~GetMold_CofR_8 ~GetMold_CofR_8 ~GetMold_CofR_8 ~GetMold_CofR_8 ~GetMold_CofR_8 
~Dino ~Shape_B_9 ~DiamondTipped ~Platform_B_9
~Blank ~Tag ~Cavity ~Tags_D_6 ~Tags_D_6 
~Color ~Plastic_D_6 
~Synthetics ~adapter::Synthetics ~CleanPlastic_A_2 ~Strategy_1
~ProcessOrder_TM_4
9:
	orderNum		= 9
	comment			= New Specs: max out, mill or last.
	size			= 400000
	packager		= ZipLock
	plastic			= Nylon66
	moldLoc			= mill
	mold			= dino
	finish			= satin
	color			= white
	tags			= IncCounter PartNumber RecycleCode ModelNumber Country Date
	MicroFibers		= 3
	UVInhibiter		= 6
	AntiBacterial	= 1
	stuffer			= Foam
	address			= PLay Toys, 1234 5th st, Pastoria, IL 34556
	endOfOrder
  <>Size too large |400000| defaulting to HugeOrder of 200000.
  Setup injection line for 50000 run with ZipLock packager and expanding foam stuffing:
    IJM_240 - Steel(4) - V-Level conveyer belt - Crate
  Process order.
    Create dino mold from mill with 4 cavities:
      using DiamondTipped tools (precision drill, oil cooled cut, and cartoid grind) to mill steel block into 4 dino shapes with satin finish.
    Insert tags [IncCounter PartNumber RecycleCode ModelNumber Country Date ] of width 18/20 mm.
    Load plastic, color, and additive bins.
      Recipe: Nylon66(30) white(3) UVInhibiter(6) AntiBacterial(1) MicroFibers(3) Total = 172.
    Cycle IJM for Synthetics 50000 times.
      Close - heat to 480 - inject at 150 PSI - cool to 390 - separate - shock eject.
      Crate package bin full...
        IJM pausing while Crate package bin is swapped.
        Conveyer belt pausing while Crate package bin is swapped.
        Packager pausing while Crate package bin is swapped.
        Stuffer filling Crate package bin with expanding foam stuffing.
    Clean synthetic mold: ozone wash.
    Ship to "PLay Toys, 1234 5th st, Pastoria, IL 34556"
~Nylon66
~Foam ~Stuffer_FM_5 ~Observer_7
~ZipLock ~Packager_FM_5 ~Observer_7
~IJM_240 ~IJM_AF ~Observer_7
~Steel ~Mold_AF
~VLevelBelt ~ConveyerBelt_AF ~Observer_7
~Crate ~PackageBin_AF ~Subject_7 Observers left to process (should be zero) = 0.
~HugeOrder ~Setup_AF_10
~Inventory ~SisterCompany ~Purchase ~Mill ~GetMold_CofR_8 ~GetMold_CofR_8 ~GetMold_CofR_8 ~GetMold_CofR_8 ~GetMold_CofR_8 
~Dino ~Shape_B_9 ~DiamondTipped ~Platform_B_9
~Blank ~Tag ~Date ~Tag ~Country ~Tag ~ModelNumber ~Tag ~RecycleCode ~Tag ~PartNumber ~Tag ~IncCounter ~Tag ~Cavity ~Tags_D_6 ~Tags_D_6 ~Tags_D_6 ~Tags_D_6 ~Tags_D_6 ~Tags_D_6 ~Tags_D_6 ~Tags_D_6 
~MicroFibers ~Additive ~AntiBacterial ~Additive ~UVInhibiter ~Additive ~Color ~Plastic_D_6 ~Plastic_D_6 ~Plastic_D_6 ~Plastic_D_6 
~Synthetics ~adapter::Synthetics ~CleanPlastic_A_2 ~Strategy_1
~ProcessOrder_TM_4
Aloha DP4.
